<?xml version="1.0" encoding="UTF-8"?>
<testng-results ignored="0" total="1" passed="1" failed="0" skipped="0">
  <reporter-output>
  </reporter-output>
  <suite started-at="2023-11-05T09:31:39Z" name="Default suite" finished-at="2023-11-05T09:31:51Z" duration-ms="12197">
    <groups>
    </groups>
    <test started-at="2023-11-05T09:31:39Z" name="Default test" finished-at="2023-11-05T09:31:51Z" duration-ms="12197">
      <class name="com.shay.tests.LoginTest">
        <test-method is-config="true" signature="startBrowser()[pri:0, instance:com.shay.tests.LoginTest@68df9280]" started-at="2023-11-05T15:31:35Z" name="startBrowser" finished-at="2023-11-05T15:31:39Z" duration-ms="3497" status="PASS">
          <reporter-output>
          </reporter-output>
        </test-method> <!-- startBrowser -->
        <test-method is-config="true" signature="start()[pri:0, instance:com.shay.tests.LoginTest@68df9280]" started-at="2023-11-05T15:31:39Z" name="start" finished-at="2023-11-05T15:31:49Z" duration-ms="10552" status="PASS">
          <reporter-output>
          </reporter-output>
        </test-method> <!-- start -->
        <test-method signature="loginTest()[pri:0, instance:com.shay.tests.LoginTest@68df9280]" started-at="2023-11-05T15:31:49Z" name="loginTest" finished-at="2023-11-05T15:31:50Z" duration-ms="743" status="PASS">
          <reporter-output>
          </reporter-output>
        </test-method> <!-- loginTest -->
        <test-method is-config="true" signature="report()[pri:0, instance:com.shay.tests.LoginTest@68df9280]" started-at="2023-11-05T15:31:50Z" name="report" finished-at="2023-11-05T15:31:51Z" duration-ms="879" status="PASS">
          <reporter-output>
          </reporter-output>
        </test-method> <!-- report -->
        <test-method is-config="true" signature="stopBrowser()[pri:0, instance:com.shay.tests.LoginTest@68df9280]" started-at="2023-11-05T15:31:51Z" name="stopBrowser" finished-at="2023-11-05T15:31:51Z" duration-ms="10" status="FAIL">
          <exception class="org.openqa.selenium.NoSuchSessionException">
            <message>
              <![CDATA[Session ID is null. Using WebDriver after calling quit()?
Build info: version: '4.14.1', revision: '03f8ede370'
System info: os.name: 'Windows 11', os.arch: 'amd64', os.version: '10.0', java.version: '17.0.8.1'
Driver info: org.openqa.selenium.chrome.ChromeDriver
Command: [null, close {}]
Capabilities {acceptInsecureCerts: false, browserName: chrome, browserVersion: 119.0.6045.105, chrome: {chromedriverVersion: 119.0.6045.105 (38c72552c5e..., userDataDir: C:\Users\Shay\AppData\Local...}, fedcm:accounts: true, goog:chromeOptions: {debuggerAddress: localhost:52273}, networkConnectionEnabled: false, pageLoadStrategy: normal, platformName: windows, proxy: Proxy(), se:cdp: ws://localhost:52273/devtoo..., se:cdpVersion: 119.0.6045.105, setWindowRect: true, strictFileInteractability: false, timeouts: {implicit: 0, pageLoad: 300000, script: 30000}, unhandledPromptBehavior: dismiss and notify, webauthn:extension:credBlob: true, webauthn:extension:largeBlob: true, webauthn:extension:minPinLength: true, webauthn:extension:prf: true, webauthn:virtualAuthenticators: true}]]>
            </message>
            <full-stacktrace>
              <![CDATA[org.openqa.selenium.NoSuchSessionException: Session ID is null. Using WebDriver after calling quit()?
Build info: version: '4.14.1', revision: '03f8ede370'
System info: os.name: 'Windows 11', os.arch: 'amd64', os.version: '10.0', java.version: '17.0.8.1'
Driver info: org.openqa.selenium.chrome.ChromeDriver
Command: [null, close {}]
Capabilities {acceptInsecureCerts: false, browserName: chrome, browserVersion: 119.0.6045.105, chrome: {chromedriverVersion: 119.0.6045.105 (38c72552c5e..., userDataDir: C:\Users\Shay\AppData\Local...}, fedcm:accounts: true, goog:chromeOptions: {debuggerAddress: localhost:52273}, networkConnectionEnabled: false, pageLoadStrategy: normal, platformName: windows, proxy: Proxy(), se:cdp: ws://localhost:52273/devtoo..., se:cdpVersion: 119.0.6045.105, setWindowRect: true, strictFileInteractability: false, timeouts: {implicit: 0, pageLoad: 300000, script: 30000}, unhandledPromptBehavior: dismiss and notify, webauthn:extension:credBlob: true, webauthn:extension:largeBlob: true, webauthn:extension:minPinLength: true, webauthn:extension:prf: true, webauthn:virtualAuthenticators: true}
	at org.openqa.selenium.remote.HttpCommandExecutor.execute(HttpCommandExecutor.java:152)
	at org.openqa.selenium.remote.service.DriverCommandExecutor.invokeExecute(DriverCommandExecutor.java:200)
	at org.openqa.selenium.remote.service.DriverCommandExecutor.execute(DriverCommandExecutor.java:175)
	at org.openqa.selenium.remote.RemoteWebDriver.execute(RemoteWebDriver.java:602)
	at org.openqa.selenium.remote.RemoteWebDriver.execute(RemoteWebDriver.java:675)
	at org.openqa.selenium.remote.RemoteWebDriver.execute(RemoteWebDriver.java:679)
	at org.openqa.selenium.remote.RemoteWebDriver.close(RemoteWebDriver.java:409)
	at com.shay.baseDriver.BaseDriver.stopBrowser(BaseDriver.java:44)
	at java.base/jdk.internal.reflect.NativeMethodAccessorImpl.invoke0(Native Method)
	at java.base/jdk.internal.reflect.NativeMethodAccessorImpl.invoke(NativeMethodAccessorImpl.java:77)
	at java.base/jdk.internal.reflect.DelegatingMethodAccessorImpl.invoke(DelegatingMethodAccessorImpl.java:43)
	at java.base/java.lang.reflect.Method.invoke(Method.java:568)
	at org.testng.internal.MethodInvocationHelper.invokeMethod(MethodInvocationHelper.java:108)
	at org.testng.internal.Invoker.invokeConfigurationMethod(Invoker.java:523)
	at org.testng.internal.Invoker.invokeConfigurations(Invoker.java:224)
	at org.testng.internal.Invoker.invokeConfigurations(Invoker.java:146)
	at org.testng.SuiteRunner.privateRun(SuiteRunner.java:350)
	at org.testng.SuiteRunner.run(SuiteRunner.java:289)
	at org.testng.SuiteRunnerWorker.runSuite(SuiteRunnerWorker.java:52)
	at org.testng.SuiteRunnerWorker.run(SuiteRunnerWorker.java:86)
	at org.testng.TestNG.runSuitesSequentially(TestNG.java:1301)
	at org.testng.TestNG.runSuitesLocally(TestNG.java:1226)
	at org.testng.TestNG.runSuites(TestNG.java:1144)
	at org.testng.TestNG.run(TestNG.java:1115)
	at org.testng.remote.AbstractRemoteTestNG.run(AbstractRemoteTestNG.java:115)
	at org.testng.remote.RemoteTestNG.initAndRun(RemoteTestNG.java:251)
	at org.testng.remote.RemoteTestNG.main(RemoteTestNG.java:77)
]]>
            </full-stacktrace>
          </exception> <!-- org.openqa.selenium.NoSuchSessionException -->
          <reporter-output>
          </reporter-output>
        </test-method> <!-- stopBrowser -->
      </class> <!-- com.shay.tests.LoginTest -->
    </test> <!-- Default test -->
  </suite> <!-- Default suite -->
</testng-results>
