<?xml version="1.0" encoding="UTF-8"?>
<!-- Generated by org.testng.reporters.JUnitXMLReporter -->
<testsuite ignored="2" hostname="Masud" failures="0" tests="2" name="Test" time="39.692" errors="0" timestamp="05 Nov 2023 17:08:40 GMT">
  <testcase classname="com.shay.tests.LoginTest" name="loginTest" time="5.758"/>
  <testcase classname="com.shay.tests.DashboardTest" name="navAdminLinkTest" time="6.351"/>
  <testcase classname="com.shay.baseDriver.BaseDriver" name="@BeforeSuite startBrowser" time="0.0">
    <ignored/>
  </testcase> <!-- @BeforeSuite startBrowser -->
  <testcase classname="com.shay.baseDriver.BaseDriver" name="@AfterSuite stopBrowser" time="0.0">
    <ignored/>
  </testcase> <!-- @AfterSuite stopBrowser -->
</testsuite> <!-- Test -->
